[09:04:17] [Server thread/INFO]: Starting minecraft server version 1.8.8
[09:04:17] [Server thread/INFO]: Loading properties
[09:04:17] [Server thread/INFO]: Default game type: SURVIVAL
[09:04:17] [Server thread/INFO]: This server is running PandaSpigot version git-PandaSpigot-126 (MC: 1.8.8) (Implementing API version 1.8.8-R0.1-SNAPSHOT) (Git: dd0f0ea)
[09:04:18] [Server thread/INFO]: Debug logging is disabled
[09:04:18] [Server thread/INFO]: Server Ping Player Sample Count: 12

[09:04:18] [Server thread/INFO]: Spigot Timings: true - Verbose: true - Interval: 5m - Length: 60m
[09:04:18] [Server thread/INFO]: Using 6 threads for Netty based IO
[09:04:18] [Server thread/INFO]: Data value allowed items: 
[09:04:18] [Server thread/INFO]: Generating keypair
[09:04:18] [Server thread/INFO]: Starting Minecraft server on *:25565
[09:04:18] [Server thread/INFO]: Using epoll channel type
[09:04:18] [Server thread/INFO]: Set PluginClassLoader as parallel capable
[09:04:18] [Server thread/INFO]: [playit-gg] Loading playit-gg v0.2.0
[09:04:18] [Server thread/WARN]: **** SERVER IS RUNNING IN OFFLINE/INSECURE MODE!
[09:04:18] [Server thread/WARN]: The server will make no attempt to authenticate usernames. Beware.
[09:04:18] [Server thread/WARN]: Whilst this makes it possible to use BungeeCord, unless access to your server is properly restricted, it also opens up the ability for hackers to connect with any username they choose.
[09:04:18] [Server thread/WARN]: Please see http://www.spigotmc.org/wiki/firewall-guide/ for further information.
[09:04:18] [Server thread/WARN]: To change this, set "online-mode" to "true" in the server.properties file.
[09:04:18] [Server thread/INFO]: **** Beginning UUID conversion, this may take A LONG time ****
[09:04:18] [Server thread/INFO]: Preparing level "world"
